<?xml version="1.0" encoding="UTF-8"?>
<!-- Generated by org.testng.reporters.JUnitReportReporter -->
<testsuite hostname="DESKTOP-3KFQQCP" failures="0" tests="3" name="Academy.HomePageTest" time="27.883" errors="0" timestamp="2020-05-10T17:40:44 IST" skipped="0">
  <testcase classname="Academy.HomePageTest" name="validateloginpage" time="9.495"/>
  <system-out/>
  <testcase classname="Academy.HomePageTest" name="validateloginpage" time="9.244"/>
  <system-out/>
  <testcase classname="Academy.HomePageTest" name="validateloginpage" time="9.144"/>
  <system-out/>
</testsuite> <!-- Academy.HomePageTest -->
