<?xml version="1.0" encoding="UTF-8"?>
<!-- Generated by org.testng.reporters.JUnitReportReporter -->
<testsuite hostname="DESKTOP-3KFQQCP" failures="0" tests="1" name="Academy.validateTitleTest" time="7.393" errors="0" timestamp="2020-05-10T17:40:44 IST" skipped="0">
  <testcase classname="Academy.validateTitleTest" name="validateTitle" time="7.393"/>
  <system-out/>
</testsuite> <!-- Academy.validateTitleTest -->
