<?xml version="1.0" encoding="UTF-8"?>
<!-- Generated by org.testng.reporters.JUnitReportReporter -->
<testsuite hostname="DESKTOP-3KFQQCP" failures="0" tests="3" name="Academy.HomePageTest" time="22.282" errors="0" timestamp="2020-05-10T18:29:25 IST" skipped="0">
  <testcase classname="Academy.HomePageTest" name="validateloginpage" time="7.424"/>
  <system-out/>
  <testcase classname="Academy.HomePageTest" name="validateloginpage" time="7.241"/>
  <system-out/>
  <testcase classname="Academy.HomePageTest" name="validateloginpage" time="7.617"/>
  <system-out/>
</testsuite> <!-- Academy.HomePageTest -->
