<?xml version="1.0" encoding="UTF-8"?>
<!-- Generated by org.testng.reporters.JUnitReportReporter -->
<testsuite hostname="DESKTOP-3KFQQCP" failures="0" tests="1" name="Academy.validateTitleTest" time="0.037" errors="0" timestamp="2020-05-10T18:29:24 IST" skipped="0">
  <testcase classname="Academy.validateTitleTest" name="validateTitle" time="0.037"/>
  <system-out/>
</testsuite> <!-- Academy.validateTitleTest -->
